\BOOKMARK [0][-]{chapter*.7}{Introducci\363n}{}% 1
\BOOKMARK [1][-]{section.0.1}{Situaci\363n probl\351mica}{chapter*.7}% 2
\BOOKMARK [1][-]{section.0.2}{Motivaci\363n}{chapter*.7}% 3
\BOOKMARK [1][-]{section.0.3}{Objetivos}{chapter*.7}% 4
\BOOKMARK [2][-]{subsection.0.3.1}{Objetivo General}{section.0.3}% 5
\BOOKMARK [2][-]{subsection.0.3.2}{Objetivos Espec\355ficos}{section.0.3}% 6
\BOOKMARK [0][-]{chapter.1}{Estado del Arte}{}% 7
\BOOKMARK [0][-]{chapter.2}{Marco Te\363rico}{}% 8
\BOOKMARK [1][-]{section.2.1}{Principales conceptos de Hyperledger Fabric}{chapter.2}% 9
\BOOKMARK [2][-]{subsection.2.1.1}{Chaincode}{section.2.1}% 10
\BOOKMARK [2][-]{subsection.2.1.2}{Contrato inteligente}{section.2.1}% 11
\BOOKMARK [2][-]{subsection.2.1.3}{Libro mayor}{section.2.1}% 12
\BOOKMARK [2][-]{subsection.2.1.4}{Pol\355tica de aprobaci\363n}{section.2.1}% 13
\BOOKMARK [2][-]{subsection.2.1.5}{Protocolo de consenso}{section.2.1}% 14
\BOOKMARK [2][-]{subsection.2.1.6}{Sistema de chaincode}{section.2.1}% 15
\BOOKMARK [2][-]{subsection.2.1.7}{Canal}{section.2.1}% 16
\BOOKMARK [2][-]{subsection.2.1.8}{Servicio de membres\355a}{section.2.1}% 17
\BOOKMARK [2][-]{subsection.2.1.9}{Autoridad certificadora}{section.2.1}% 18
\BOOKMARK [3][-]{section*.8}{Fabric CA}{subsection.2.1.9}% 19
\BOOKMARK [2][-]{subsection.2.1.10}{Nodo Par}{section.2.1}% 20
\BOOKMARK [2][-]{subsection.2.1.11}{Nodo Ordenador}{section.2.1}% 21
\BOOKMARK [2][-]{subsection.2.1.12}{Cliente}{section.2.1}% 22
\BOOKMARK [1][-]{section.2.2}{Flujo de transacciones en Hyperledger Fabric}{chapter.2}% 23
\BOOKMARK [2][-]{subsection.2.2.1}{Fase de aprobaci\363n}{section.2.2}% 24
\BOOKMARK [2][-]{subsection.2.2.2}{Fase de ordenaci\363n}{section.2.2}% 25
\BOOKMARK [2][-]{subsection.2.2.3}{Fase de validaci\363n}{section.2.2}% 26
\BOOKMARK [2][-]{subsection.2.2.4}{Fase de actualizaci\363n en el libro mayor}{section.2.2}% 27
\BOOKMARK [1][-]{section.2.3}{Par\341metros configurables}{chapter.2}% 28
\BOOKMARK [2][-]{subsection.2.3.1}{Tama\361o de bloque}{section.2.3}% 29
\BOOKMARK [2][-]{subsection.2.3.2}{Pol\355tica de aprobaci\363n}{section.2.3}% 30
\BOOKMARK [2][-]{subsection.2.3.3}{Canal}{section.2.3}% 31
\BOOKMARK [2][-]{subsection.2.3.4}{Recursos}{section.2.3}% 32
\BOOKMARK [2][-]{subsection.2.3.5}{Base de datos del libro mayor}{section.2.3}% 33
\BOOKMARK [1][-]{section.2.4}{Hyperledger Fabric v2.x}{chapter.2}% 34
\BOOKMARK [0][-]{chapter.3}{Propuesta}{}% 35
\BOOKMARK [0][-]{chapter.4}{Detalles de Implementaci\363n y Experimentos}{}% 36
\BOOKMARK [0][-]{section*.10}{Conclusiones}{}% 37
\BOOKMARK [0][-]{section*.12}{Anexos}{}% 38
\BOOKMARK [0][-]{section*.14}{Recomendaciones}{}% 39
\BOOKMARK [0][-]{chapter*.16}{Bibliograf\355a}{}% 40
